Build started 1/1/2014 11:41:49 PM.
     1>Project "c:\Users\milin\Documents\Visual Studio 2010\Projects\DllInjector\DllInjector\DllInjector.vcxproj" on node 2 (rebuild target(s)).
     1>_PrepareForClean:
         Deleting file "Debug\DllInjector.lastbuildstate".
       InitializeBuildStatus:
         Creating "Debug\DllInjector.unsuccessfulbuild" because "AlwaysCreate" was specified.
       ClCompile:
         C:\Program Files (x86)\Microsoft Visual Studio 10.0\VC\bin\CL.exe /c /ZI /nologo /W3 /WX- /Od /Oy- /D WIN32 /D _DEBUG /D _CONSOLE /D _UNICODE /D UNICODE /Gm /EHsc /RTC1 /MDd /GS /fp:precise /Zc:wchar_t /Zc:forScope /Yc"StdAfx.h" /Fp"Debug\DllInjector.pch" /Fo"Debug\\" /Fd"Debug\vc100.pdb" /Gd /TP /analyze- /errorReport:prompt stdafx.cpp
         stdafx.cpp
         C:\Program Files (x86)\Microsoft Visual Studio 10.0\VC\bin\CL.exe /c /ZI /nologo /W3 /WX- /Od /Oy- /D WIN32 /D _DEBUG /D _CONSOLE /D _UNICODE /D UNICODE /Gm /EHsc /RTC1 /MDd /GS /fp:precise /Zc:wchar_t /Zc:forScope /Yu"StdAfx.h" /Fp"Debug\DllInjector.pch" /Fo"Debug\\" /Fd"Debug\vc100.pdb" /Gd /TP /analyze- /errorReport:prompt DllInjector.cpp
         DllInjector.cpp
       ManifestResourceCompile:
         C:\Program Files (x86)\Microsoft SDKs\Windows\v7.0A\bin\rc.exe /nologo /fo"Debug\DllInjector.exe.embed.manifest.res" Debug\DllInjector_manifest.rc 
       Link:
         C:\Program Files (x86)\Microsoft Visual Studio 10.0\VC\bin\link.exe /ERRORREPORT:PROMPT /OUT:"c:\Users\milin\Documents\Visual Studio 2010\Projects\DllInjector\Debug\DllInjector.exe" /INCREMENTAL /NOLOGO kernel32.lib user32.lib gdi32.lib winspool.lib comdlg32.lib advapi32.lib shell32.lib ole32.lib oleaut32.lib uuid.lib odbc32.lib odbccp32.lib /MANIFEST /ManifestFile:"Debug\DllInjector.exe.intermediate.manifest" /MANIFESTUAC:"level='asInvoker' uiAccess='false'" /DEBUG /PDB:"c:\Users\milin\Documents\Visual Studio 2010\Projects\DllInjector\Debug\DllInjector.pdb" /SUBSYSTEM:CONSOLE /TLBID:1 /DYNAMICBASE /NXCOMPAT /IMPLIB:"c:\Users\milin\Documents\Visual Studio 2010\Projects\DllInjector\Debug\DllInjector.lib" /MACHINE:X86 Debug\DllInjector.exe.embed.manifest.res
         Debug\DllInjector.obj
         Debug\stdafx.obj
       Manifest:
         Deleting file "Debug\DllInjector.exe.embed.manifest".
         C:\Program Files (x86)\Microsoft SDKs\Windows\v7.0A\bin\mt.exe /nologo /verbose /out:"Debug\DllInjector.exe.embed.manifest" /manifest Debug\DllInjector.exe.intermediate.manifest
         C:\Program Files (x86)\Microsoft SDKs\Windows\v7.0A\bin\rc.exe /nologo /fo"Debug\DllInjector.exe.embed.manifest.res" Debug\DllInjector_manifest.rc 
       LinkEmbedManifest:
         C:\Program Files (x86)\Microsoft Visual Studio 10.0\VC\bin\link.exe /ERRORREPORT:PROMPT /OUT:"c:\Users\milin\Documents\Visual Studio 2010\Projects\DllInjector\Debug\DllInjector.exe" /INCREMENTAL /NOLOGO kernel32.lib user32.lib gdi32.lib winspool.lib comdlg32.lib advapi32.lib shell32.lib ole32.lib oleaut32.lib uuid.lib odbc32.lib odbccp32.lib /MANIFEST /ManifestFile:"Debug\DllInjector.exe.intermediate.manifest" /MANIFESTUAC:"level='asInvoker' uiAccess='false'" /DEBUG /PDB:"c:\Users\milin\Documents\Visual Studio 2010\Projects\DllInjector\Debug\DllInjector.pdb" /SUBSYSTEM:CONSOLE /TLBID:1 /DYNAMICBASE /NXCOMPAT /IMPLIB:"c:\Users\milin\Documents\Visual Studio 2010\Projects\DllInjector\Debug\DllInjector.lib" /MACHINE:X86 Debug\DllInjector.exe.embed.manifest.res
         Debug\DllInjector.obj
         Debug\stdafx.obj
         DllInjector.vcxproj -> c:\Users\milin\Documents\Visual Studio 2010\Projects\DllInjector\Debug\DllInjector.exe
       FinalizeBuildStatus:
         Deleting file "Debug\DllInjector.unsuccessfulbuild".
         Touching "Debug\DllInjector.lastbuildstate".
     1>Done Building Project "c:\Users\milin\Documents\Visual Studio 2010\Projects\DllInjector\DllInjector\DllInjector.vcxproj" (rebuild target(s)).

Build succeeded.

Time Elapsed 00:00:03.45
