C:\Users\milin\Documents\Visual Studio 2010\Projects\DetoursDll\DetoursDll\x64\Debug\cl.command.1.tlog
C:\Users\milin\Documents\Visual Studio 2010\Projects\DetoursDll\DetoursDll\x64\Debug\CL.read.1.tlog
C:\Users\milin\Documents\Visual Studio 2010\Projects\DetoursDll\DetoursDll\x64\Debug\CL.write.1.tlog
C:\USERS\MILIN\DOCUMENTS\VISUAL STUDIO 2010\PROJECTS\DETOURSDLL\DETOURSDLL\X64\DEBUG\DETOURSDLL.DLL.EMBED.MANIFEST
C:\USERS\MILIN\DOCUMENTS\VISUAL STUDIO 2010\PROJECTS\DETOURSDLL\DETOURSDLL\X64\DEBUG\DETOURSDLL.DLL.EMBED.MANIFEST.RES
C:\USERS\MILIN\DOCUMENTS\VISUAL STUDIO 2010\PROJECTS\DETOURSDLL\DETOURSDLL\X64\DEBUG\DETOURSDLL.DLL.INTERMEDIATE.MANIFEST
C:\USERS\MILIN\DOCUMENTS\VISUAL STUDIO 2010\PROJECTS\DETOURSDLL\DETOURSDLL\X64\DEBUG\DETOURSDLL.OBJ
C:\USERS\MILIN\DOCUMENTS\VISUAL STUDIO 2010\PROJECTS\DETOURSDLL\DETOURSDLL\X64\DEBUG\DETOURSDLL.PCH
C:\Users\milin\Documents\Visual Studio 2010\Projects\DetoursDll\DetoursDll\x64\Debug\DetoursDll.write.1.tlog
C:\Users\milin\Documents\Visual Studio 2010\Projects\DetoursDll\DetoursDll\x64\Debug\DetoursDll_manifest.rc
C:\USERS\MILIN\DOCUMENTS\VISUAL STUDIO 2010\PROJECTS\DETOURSDLL\DETOURSDLL\X64\DEBUG\DLLMAIN.OBJ
C:\Users\milin\Documents\Visual Studio 2010\Projects\DetoursDll\DetoursDll\x64\Debug\link.52564.read.1.tlog
C:\Users\milin\Documents\Visual Studio 2010\Projects\DetoursDll\DetoursDll\x64\Debug\link.52564.write.1.tlog
C:\Users\milin\Documents\Visual Studio 2010\Projects\DetoursDll\DetoursDll\x64\Debug\link.52564-cvtres.read.1.tlog
C:\Users\milin\Documents\Visual Studio 2010\Projects\DetoursDll\DetoursDll\x64\Debug\link.52564-cvtres.write.1.tlog
C:\Users\milin\Documents\Visual Studio 2010\Projects\DetoursDll\DetoursDll\x64\Debug\link.command.1.tlog
C:\Users\milin\Documents\Visual Studio 2010\Projects\DetoursDll\DetoursDll\x64\Debug\link.read.1.tlog
C:\Users\milin\Documents\Visual Studio 2010\Projects\DetoursDll\DetoursDll\x64\Debug\link.write.1.tlog
C:\Users\milin\Documents\Visual Studio 2010\Projects\DetoursDll\DetoursDll\x64\Debug\link-cvtres.read.1.tlog
C:\Users\milin\Documents\Visual Studio 2010\Projects\DetoursDll\DetoursDll\x64\Debug\link-cvtres.write.1.tlog
C:\Users\milin\Documents\Visual Studio 2010\Projects\DetoursDll\DetoursDll\x64\Debug\mt.command.1.tlog
C:\Users\milin\Documents\Visual Studio 2010\Projects\DetoursDll\DetoursDll\x64\Debug\mt.read.1.tlog
C:\Users\milin\Documents\Visual Studio 2010\Projects\DetoursDll\DetoursDll\x64\Debug\mt.write.1.tlog
C:\Users\milin\Documents\Visual Studio 2010\Projects\DetoursDll\DetoursDll\x64\Debug\rc.command.1.tlog
C:\Users\milin\Documents\Visual Studio 2010\Projects\DetoursDll\DetoursDll\x64\Debug\rc.read.1.tlog
C:\Users\milin\Documents\Visual Studio 2010\Projects\DetoursDll\DetoursDll\x64\Debug\rc.write.1.tlog
C:\USERS\MILIN\DOCUMENTS\VISUAL STUDIO 2010\PROJECTS\DETOURSDLL\DETOURSDLL\X64\DEBUG\STDAFX.OBJ
C:\Users\milin\Documents\Visual Studio 2010\Projects\DetoursDll\DetoursDll\x64\Debug\vc100.idb
C:\USERS\MILIN\DOCUMENTS\VISUAL STUDIO 2010\PROJECTS\DETOURSDLL\DETOURSDLL\X64\DEBUG\VC100.PDB
C:\USERS\MILIN\DOCUMENTS\VISUAL STUDIO 2010\PROJECTS\DETOURSDLL\X64\DEBUG\DETOURSDLL.DLL
C:\Users\milin\Documents\Visual Studio 2010\Projects\DetoursDll\x64\Debug\DetoursDll.exp
C:\USERS\MILIN\DOCUMENTS\VISUAL STUDIO 2010\PROJECTS\DETOURSDLL\X64\DEBUG\DETOURSDLL.ILK
C:\Users\milin\Documents\Visual Studio 2010\Projects\DetoursDll\x64\Debug\DetoursDll.lib
