c:\Users\milin\Documents\Visual Studio 2010\Projects\DllInjector\DllInjector\x64\Debug\cl.command.1.tlog
c:\Users\milin\Documents\Visual Studio 2010\Projects\DllInjector\DllInjector\x64\Debug\CL.read.1.tlog
c:\Users\milin\Documents\Visual Studio 2010\Projects\DllInjector\DllInjector\x64\Debug\CL.write.1.tlog
C:\USERS\MILIN\DOCUMENTS\VISUAL STUDIO 2010\PROJECTS\DLLINJECTOR\DLLINJECTOR\X64\DEBUG\DLLINJECTOR.EXE.EMBED.MANIFEST
C:\USERS\MILIN\DOCUMENTS\VISUAL STUDIO 2010\PROJECTS\DLLINJECTOR\DLLINJECTOR\X64\DEBUG\DLLINJECTOR.EXE.EMBED.MANIFEST.RES
C:\USERS\MILIN\DOCUMENTS\VISUAL STUDIO 2010\PROJECTS\DLLINJECTOR\DLLINJECTOR\X64\DEBUG\DLLINJECTOR.EXE.INTERMEDIATE.MANIFEST
C:\USERS\MILIN\DOCUMENTS\VISUAL STUDIO 2010\PROJECTS\DLLINJECTOR\DLLINJECTOR\X64\DEBUG\DLLINJECTOR.OBJ
C:\USERS\MILIN\DOCUMENTS\VISUAL STUDIO 2010\PROJECTS\DLLINJECTOR\DLLINJECTOR\X64\DEBUG\DLLINJECTOR.PCH
c:\Users\milin\Documents\Visual Studio 2010\Projects\DllInjector\DllInjector\x64\Debug\DllInjector_manifest.rc
c:\Users\milin\Documents\Visual Studio 2010\Projects\DllInjector\DllInjector\x64\Debug\link.67236.read.1.tlog
c:\Users\milin\Documents\Visual Studio 2010\Projects\DllInjector\DllInjector\x64\Debug\link.67236.write.1.tlog
c:\Users\milin\Documents\Visual Studio 2010\Projects\DllInjector\DllInjector\x64\Debug\link.67236-cvtres.read.1.tlog
c:\Users\milin\Documents\Visual Studio 2010\Projects\DllInjector\DllInjector\x64\Debug\link.67236-cvtres.write.1.tlog
c:\Users\milin\Documents\Visual Studio 2010\Projects\DllInjector\DllInjector\x64\Debug\link.command.1.tlog
c:\Users\milin\Documents\Visual Studio 2010\Projects\DllInjector\DllInjector\x64\Debug\link.read.1.tlog
c:\Users\milin\Documents\Visual Studio 2010\Projects\DllInjector\DllInjector\x64\Debug\link.write.1.tlog
c:\Users\milin\Documents\Visual Studio 2010\Projects\DllInjector\DllInjector\x64\Debug\link-cvtres.read.1.tlog
c:\Users\milin\Documents\Visual Studio 2010\Projects\DllInjector\DllInjector\x64\Debug\link-cvtres.write.1.tlog
c:\Users\milin\Documents\Visual Studio 2010\Projects\DllInjector\DllInjector\x64\Debug\mt.command.1.tlog
c:\Users\milin\Documents\Visual Studio 2010\Projects\DllInjector\DllInjector\x64\Debug\mt.read.1.tlog
c:\Users\milin\Documents\Visual Studio 2010\Projects\DllInjector\DllInjector\x64\Debug\mt.write.1.tlog
c:\Users\milin\Documents\Visual Studio 2010\Projects\DllInjector\DllInjector\x64\Debug\rc.command.1.tlog
c:\Users\milin\Documents\Visual Studio 2010\Projects\DllInjector\DllInjector\x64\Debug\rc.read.1.tlog
c:\Users\milin\Documents\Visual Studio 2010\Projects\DllInjector\DllInjector\x64\Debug\rc.write.1.tlog
C:\USERS\MILIN\DOCUMENTS\VISUAL STUDIO 2010\PROJECTS\DLLINJECTOR\DLLINJECTOR\X64\DEBUG\STDAFX.OBJ
c:\Users\milin\Documents\Visual Studio 2010\Projects\DllInjector\DllInjector\x64\Debug\vc100.idb
C:\USERS\MILIN\DOCUMENTS\VISUAL STUDIO 2010\PROJECTS\DLLINJECTOR\DLLINJECTOR\X64\DEBUG\VC100.PDB
C:\USERS\MILIN\DOCUMENTS\VISUAL STUDIO 2010\PROJECTS\DLLINJECTOR\X64\DEBUG\DLLINJECTOR.EXE
C:\USERS\MILIN\DOCUMENTS\VISUAL STUDIO 2010\PROJECTS\DLLINJECTOR\X64\DEBUG\DLLINJECTOR.ILK
C:\USERS\MILIN\DOCUMENTS\VISUAL STUDIO 2010\PROJECTS\DLLINJECTOR\X64\DEBUG\DLLINJECTOR.PDB
