Build started 1/2/2014 2:38:09 PM.
     1>Project "c:\Users\milin\Documents\Visual Studio 2010\Projects\DllInjector\DllInjector\DllInjector.vcxproj" on node 2 (rebuild target(s)).
     1>_PrepareForClean:
         Deleting file "x64\Debug\DllInjector.lastbuildstate".
       InitializeBuildStatus:
         Creating "x64\Debug\DllInjector.unsuccessfulbuild" because "AlwaysCreate" was specified.
       ClCompile:
         C:\Program Files (x86)\Microsoft Visual Studio 10.0\VC\bin\x86_amd64\CL.exe /c /Zi /nologo /W3 /WX- /Od /D WIN32 /D _DEBUG /D _CONSOLE /D _UNICODE /D UNICODE /Gm /EHsc /RTC1 /MDd /GS /fp:precise /Zc:wchar_t /Zc:forScope /Yc"StdAfx.h" /Fp"x64\Debug\DllInjector.pch" /Fo"x64\Debug\\" /Fd"x64\Debug\vc100.pdb" /Gd /TP /errorReport:prompt stdafx.cpp
         stdafx.cpp
         C:\Program Files (x86)\Microsoft Visual Studio 10.0\VC\bin\x86_amd64\CL.exe /c /Zi /nologo /W3 /WX- /Od /D WIN32 /D _DEBUG /D _CONSOLE /D _UNICODE /D UNICODE /Gm /EHsc /RTC1 /MDd /GS /fp:precise /Zc:wchar_t /Zc:forScope /Yu"StdAfx.h" /Fp"x64\Debug\DllInjector.pch" /Fo"x64\Debug\\" /Fd"x64\Debug\vc100.pdb" /Gd /TP /errorReport:prompt DllInjector.cpp
         DllInjector.cpp
       ManifestResourceCompile:
         C:\Program Files (x86)\Microsoft SDKs\Windows\v7.0A\bin\rc.exe /nologo /fo"x64\Debug\DllInjector.exe.embed.manifest.res" x64\Debug\DllInjector_manifest.rc 
       Link:
         C:\Program Files (x86)\Microsoft Visual Studio 10.0\VC\bin\x86_amd64\link.exe /ERRORREPORT:PROMPT /OUT:"c:\Users\milin\Documents\Visual Studio 2010\Projects\DllInjector\x64\Debug\DllInjector.exe" /INCREMENTAL /NOLOGO psapi.lib kernel32.lib user32.lib gdi32.lib winspool.lib comdlg32.lib advapi32.lib shell32.lib ole32.lib oleaut32.lib uuid.lib odbc32.lib odbccp32.lib /MANIFEST /ManifestFile:"x64\Debug\DllInjector.exe.intermediate.manifest" /MANIFESTUAC:"level='asInvoker' uiAccess='false'" /DEBUG /PDB:"c:\Users\milin\Documents\Visual Studio 2010\Projects\DllInjector\x64\Debug\DllInjector.pdb" /SUBSYSTEM:CONSOLE /TLBID:1 /DYNAMICBASE /NXCOMPAT /IMPLIB:"c:\Users\milin\Documents\Visual Studio 2010\Projects\DllInjector\x64\Debug\DllInjector.lib" /MACHINE:X64 x64\Debug\DllInjector.exe.embed.manifest.res
         x64\Debug\DllInjector.obj
         x64\Debug\stdafx.obj
         DllInjector.vcxproj -> c:\Users\milin\Documents\Visual Studio 2010\Projects\DllInjector\x64\Debug\DllInjector.exe
       Manifest:
         Deleting file "x64\Debug\DllInjector.exe.embed.manifest".
         C:\Program Files (x86)\Microsoft SDKs\Windows\v7.0A\bin\mt.exe /nologo /verbose /out:"x64\Debug\DllInjector.exe.embed.manifest" /manifest x64\Debug\DllInjector.exe.intermediate.manifest
         C:\Program Files (x86)\Microsoft SDKs\Windows\v7.0A\bin\rc.exe /nologo /fo"x64\Debug\DllInjector.exe.embed.manifest.res" x64\Debug\DllInjector_manifest.rc 
       LinkEmbedManifest:
         C:\Program Files (x86)\Microsoft Visual Studio 10.0\VC\bin\x86_amd64\link.exe /ERRORREPORT:PROMPT /OUT:"c:\Users\milin\Documents\Visual Studio 2010\Projects\DllInjector\x64\Debug\DllInjector.exe" /INCREMENTAL /NOLOGO psapi.lib kernel32.lib user32.lib gdi32.lib winspool.lib comdlg32.lib advapi32.lib shell32.lib ole32.lib oleaut32.lib uuid.lib odbc32.lib odbccp32.lib /MANIFEST /ManifestFile:"x64\Debug\DllInjector.exe.intermediate.manifest" /MANIFESTUAC:"level='asInvoker' uiAccess='false'" /DEBUG /PDB:"c:\Users\milin\Documents\Visual Studio 2010\Projects\DllInjector\x64\Debug\DllInjector.pdb" /SUBSYSTEM:CONSOLE /TLBID:1 /DYNAMICBASE /NXCOMPAT /IMPLIB:"c:\Users\milin\Documents\Visual Studio 2010\Projects\DllInjector\x64\Debug\DllInjector.lib" /MACHINE:X64 x64\Debug\DllInjector.exe.embed.manifest.res
         x64\Debug\DllInjector.obj
         x64\Debug\stdafx.obj
         DllInjector.vcxproj -> c:\Users\milin\Documents\Visual Studio 2010\Projects\DllInjector\x64\Debug\DllInjector.exe
       FinalizeBuildStatus:
         Deleting file "x64\Debug\DllInjector.unsuccessfulbuild".
         Touching "x64\Debug\DllInjector.lastbuildstate".
     1>Done Building Project "c:\Users\milin\Documents\Visual Studio 2010\Projects\DllInjector\DllInjector\DllInjector.vcxproj" (rebuild target(s)).

Build succeeded.

Time Elapsed 00:00:03.46
