C:\USERS\MILIN\DOCUMENTS\VISUAL STUDIO 2010\PROJECTS\DLLINJECTOR\DEBUG\DLLINJECTOR.EXE
C:\USERS\MILIN\DOCUMENTS\VISUAL STUDIO 2010\PROJECTS\DLLINJECTOR\DEBUG\DLLINJECTOR.ILK
C:\USERS\MILIN\DOCUMENTS\VISUAL STUDIO 2010\PROJECTS\DLLINJECTOR\DEBUG\DLLINJECTOR.PDB
c:\Users\milin\Documents\Visual Studio 2010\Projects\DllInjector\DllInjector\Debug\cl.command.1.tlog
c:\Users\milin\Documents\Visual Studio 2010\Projects\DllInjector\DllInjector\Debug\CL.read.1.tlog
c:\Users\milin\Documents\Visual Studio 2010\Projects\DllInjector\DllInjector\Debug\CL.write.1.tlog
C:\USERS\MILIN\DOCUMENTS\VISUAL STUDIO 2010\PROJECTS\DLLINJECTOR\DLLINJECTOR\DEBUG\DLLINJECTOR.EXE.EMBED.MANIFEST
C:\USERS\MILIN\DOCUMENTS\VISUAL STUDIO 2010\PROJECTS\DLLINJECTOR\DLLINJECTOR\DEBUG\DLLINJECTOR.EXE.EMBED.MANIFEST.RES
C:\USERS\MILIN\DOCUMENTS\VISUAL STUDIO 2010\PROJECTS\DLLINJECTOR\DLLINJECTOR\DEBUG\DLLINJECTOR.EXE.INTERMEDIATE.MANIFEST
C:\USERS\MILIN\DOCUMENTS\VISUAL STUDIO 2010\PROJECTS\DLLINJECTOR\DLLINJECTOR\DEBUG\DLLINJECTOR.OBJ
C:\USERS\MILIN\DOCUMENTS\VISUAL STUDIO 2010\PROJECTS\DLLINJECTOR\DLLINJECTOR\DEBUG\DLLINJECTOR.PCH
c:\Users\milin\Documents\Visual Studio 2010\Projects\DllInjector\DllInjector\Debug\DllInjector_manifest.rc
c:\Users\milin\Documents\Visual Studio 2010\Projects\DllInjector\DllInjector\Debug\link.4744.read.1.tlog
c:\Users\milin\Documents\Visual Studio 2010\Projects\DllInjector\DllInjector\Debug\link.4744.write.1.tlog
c:\Users\milin\Documents\Visual Studio 2010\Projects\DllInjector\DllInjector\Debug\link.4744-cvtres.read.1.tlog
c:\Users\milin\Documents\Visual Studio 2010\Projects\DllInjector\DllInjector\Debug\link.4744-cvtres.write.1.tlog
c:\Users\milin\Documents\Visual Studio 2010\Projects\DllInjector\DllInjector\Debug\link.command.1.tlog
c:\Users\milin\Documents\Visual Studio 2010\Projects\DllInjector\DllInjector\Debug\link.read.1.tlog
c:\Users\milin\Documents\Visual Studio 2010\Projects\DllInjector\DllInjector\Debug\link.write.1.tlog
c:\Users\milin\Documents\Visual Studio 2010\Projects\DllInjector\DllInjector\Debug\link-cvtres.read.1.tlog
c:\Users\milin\Documents\Visual Studio 2010\Projects\DllInjector\DllInjector\Debug\link-cvtres.write.1.tlog
c:\Users\milin\Documents\Visual Studio 2010\Projects\DllInjector\DllInjector\Debug\mt.command.1.tlog
c:\Users\milin\Documents\Visual Studio 2010\Projects\DllInjector\DllInjector\Debug\mt.read.1.tlog
c:\Users\milin\Documents\Visual Studio 2010\Projects\DllInjector\DllInjector\Debug\mt.write.1.tlog
c:\Users\milin\Documents\Visual Studio 2010\Projects\DllInjector\DllInjector\Debug\rc.command.1.tlog
c:\Users\milin\Documents\Visual Studio 2010\Projects\DllInjector\DllInjector\Debug\rc.read.1.tlog
c:\Users\milin\Documents\Visual Studio 2010\Projects\DllInjector\DllInjector\Debug\rc.write.1.tlog
C:\USERS\MILIN\DOCUMENTS\VISUAL STUDIO 2010\PROJECTS\DLLINJECTOR\DLLINJECTOR\DEBUG\STDAFX.OBJ
c:\Users\milin\Documents\Visual Studio 2010\Projects\DllInjector\DllInjector\Debug\vc100.idb
C:\USERS\MILIN\DOCUMENTS\VISUAL STUDIO 2010\PROJECTS\DLLINJECTOR\DLLINJECTOR\DEBUG\VC100.PDB
