Build started 12/17/2013 8:02:15 PM.
     1>Project "C:\Users\milin\Documents\Visual Studio 2010\Projects\DetoursDll\DetoursDll\DetoursDll.vcxproj" on node 2 (rebuild target(s)).
     1>_PrepareForClean:
         Deleting file "Release\DetoursDll.lastbuildstate".
       InitializeBuildStatus:
         Touching "Release\DetoursDll.unsuccessfulbuild".
       ClCompile:
         C:\Program Files (x86)\Microsoft Visual Studio 10.0\VC\bin\CL.exe /c /IE:\Detours\3.0\include /Zi /nologo /W3 /WX- /O2 /Oi /Oy- /GL /D WIN32 /D NDEBUG /D _WINDOWS /D _USRDLL /D DETOURSDLL_EXPORTS /D _WINDLL /D _UNICODE /D UNICODE /Gm- /EHsc /MD /GS /Gy /fp:precise /Zc:wchar_t /Zc:forScope /Yc"StdAfx.h" /Fp"Release\DetoursDll.pch" /Fo"Release\\" /Fd"Release\vc100.pdb" /Gd /TP /analyze- /errorReport:prompt stdafx.cpp
         stdafx.cpp
         C:\Program Files (x86)\Microsoft Visual Studio 10.0\VC\bin\CL.exe /c /IE:\Detours\3.0\include /Zi /nologo /W3 /WX- /O2 /Oi /Oy- /GL /D WIN32 /D NDEBUG /D _WINDOWS /D _USRDLL /D DETOURSDLL_EXPORTS /D _WINDLL /D _UNICODE /D UNICODE /Gm- /EHsc /MD /GS /Gy /fp:precise /Zc:wchar_t /Zc:forScope /Yu"StdAfx.h" /Fp"Release\DetoursDll.pch" /Fo"Release\\" /Fd"Release\vc100.pdb" /Gd /TP /analyze- /errorReport:prompt DetoursDll.cpp
         DetoursDll.cpp
         C:\Program Files (x86)\Microsoft Visual Studio 10.0\VC\bin\CL.exe /c /IE:\Detours\3.0\include /Zi /nologo /W3 /WX- /O2 /Oi /Oy- /GL /D WIN32 /D NDEBUG /D _WINDOWS /D _USRDLL /D DETOURSDLL_EXPORTS /D _WINDLL /D _UNICODE /D UNICODE /Gm- /EHsc /MD /GS /Gy /fp:precise /Zc:wchar_t /Zc:forScope /Fo"Release\\" /Fd"Release\vc100.pdb" /Gd /TP /analyze- /errorReport:prompt dllmain.cpp
         dllmain.cpp
       Link:
         C:\Program Files (x86)\Microsoft Visual Studio 10.0\VC\bin\link.exe /ERRORREPORT:PROMPT /OUT:"C:\Users\milin\Documents\Visual Studio 2010\Projects\DetoursDll\Release\DetoursDll.dll" /INCREMENTAL:NO /NOLOGO /LIBPATH:E:\Detours\3.0\lib.X86 detours.lib kernel32.lib user32.lib gdi32.lib winspool.lib comdlg32.lib advapi32.lib shell32.lib ole32.lib oleaut32.lib uuid.lib odbc32.lib odbccp32.lib /MANIFEST /ManifestFile:"Release\DetoursDll.dll.intermediate.manifest" /MANIFESTUAC:"level='asInvoker' uiAccess='false'" /DEBUG /PDB:"C:\Users\milin\Documents\Visual Studio 2010\Projects\DetoursDll\Release\DetoursDll.pdb" /SUBSYSTEM:WINDOWS /OPT:REF /OPT:ICF /LTCG /TLBID:1 /DYNAMICBASE /NXCOMPAT /IMPLIB:"C:\Users\milin\Documents\Visual Studio 2010\Projects\DetoursDll\Release\DetoursDll.lib" /MACHINE:X86 /DLL Release\DetoursDll.obj
         Release\dllmain.obj
         Release\stdafx.obj
            Creating library C:\Users\milin\Documents\Visual Studio 2010\Projects\DetoursDll\Release\DetoursDll.lib and object C:\Users\milin\Documents\Visual Studio 2010\Projects\DetoursDll\Release\DetoursDll.exp
         Generating code
         Finished generating code
         DetoursDll.vcxproj -> C:\Users\milin\Documents\Visual Studio 2010\Projects\DetoursDll\Release\DetoursDll.dll
       Manifest:
         C:\Program Files (x86)\Microsoft SDKs\Windows\v7.0A\bin\mt.exe /nologo /verbose /outputresource:"C:\Users\milin\Documents\Visual Studio 2010\Projects\DetoursDll\Release\DetoursDll.dll;#2" /manifest Release\DetoursDll.dll.intermediate.manifest
       FinalizeBuildStatus:
         Deleting file "Release\DetoursDll.unsuccessfulbuild".
         Touching "Release\DetoursDll.lastbuildstate".
     1>Done Building Project "C:\Users\milin\Documents\Visual Studio 2010\Projects\DetoursDll\DetoursDll\DetoursDll.vcxproj" (rebuild target(s)).

Build succeeded.

Time Elapsed 00:00:01.15
