Build started 1/3/2014 10:20:24 AM.
     1>Project "c:\Users\milin\Documents\Visual Studio 2010\Projects\DetoursDllInjectorService\DetoursDllInjectorService\DetoursDllInjectorService.vcxproj" on node 2 (rebuild target(s)).
     1>_PrepareForClean:
         Deleting file "Debug\DetoursDllInjectorService.lastbuildstate".
       InitializeBuildStatus:
         Creating "Debug\DetoursDllInjectorService.unsuccessfulbuild" because "AlwaysCreate" was specified.
       ClCompile:
         C:\Program Files (x86)\Microsoft Visual Studio 10.0\VC\bin\CL.exe /c /ZI /nologo /W3 /WX- /Od /Oy- /D WIN32 /D _DEBUG /D _CONSOLE /D _UNICODE /D UNICODE /Gm /EHsc /RTC1 /MDd /GS /fp:precise /Zc:wchar_t /Zc:forScope /Fo"Debug\\" /Fd"Debug\vc100.pdb" /Gd /TP /analyze- /errorReport:prompt DetoursDllInjectorService.cpp SampleService.cpp ServiceBase.cpp ServiceInstaller.cpp
         ServiceInstaller.cpp
         ServiceBase.cpp
         SampleService.cpp
         DetoursDllInjectorService.cpp
         Generating Code...
       ManifestResourceCompile:
         C:\Program Files (x86)\Microsoft SDKs\Windows\v7.0A\bin\rc.exe /nologo /fo"Debug\DetoursDllInjectorService.exe.embed.manifest.res" Debug\DetoursDllInjectorService_manifest.rc 
       Link:
         C:\Program Files (x86)\Microsoft Visual Studio 10.0\VC\bin\link.exe /ERRORREPORT:PROMPT /OUT:"c:\Users\milin\Documents\Visual Studio 2010\Projects\DetoursDllInjectorService\Debug\DetoursDllInjectorService.exe" /INCREMENTAL /NOLOGO psapi.lib kernel32.lib user32.lib gdi32.lib winspool.lib comdlg32.lib advapi32.lib shell32.lib ole32.lib oleaut32.lib uuid.lib odbc32.lib odbccp32.lib /MANIFEST /ManifestFile:"Debug\DetoursDllInjectorService.exe.intermediate.manifest" /MANIFESTUAC:"level='asInvoker' uiAccess='false'" /DEBUG /PDB:"c:\Users\milin\Documents\Visual Studio 2010\Projects\DetoursDllInjectorService\Debug\DetoursDllInjectorService.pdb" /SUBSYSTEM:CONSOLE /TLBID:1 /DYNAMICBASE /NXCOMPAT /IMPLIB:"c:\Users\milin\Documents\Visual Studio 2010\Projects\DetoursDllInjectorService\Debug\DetoursDllInjectorService.lib" /MACHINE:X86 Debug\DetoursDllInjectorService.exe.embed.manifest.res
         Debug\DetoursDllInjectorService.obj
         Debug\SampleService.obj
         Debug\ServiceBase.obj
         Debug\ServiceInstaller.obj
       Manifest:
         Deleting file "Debug\DetoursDllInjectorService.exe.embed.manifest".
         C:\Program Files (x86)\Microsoft SDKs\Windows\v7.0A\bin\mt.exe /nologo /verbose /out:"Debug\DetoursDllInjectorService.exe.embed.manifest" /manifest Debug\DetoursDllInjectorService.exe.intermediate.manifest
         C:\Program Files (x86)\Microsoft SDKs\Windows\v7.0A\bin\rc.exe /nologo /fo"Debug\DetoursDllInjectorService.exe.embed.manifest.res" Debug\DetoursDllInjectorService_manifest.rc 
       LinkEmbedManifest:
         C:\Program Files (x86)\Microsoft Visual Studio 10.0\VC\bin\link.exe /ERRORREPORT:PROMPT /OUT:"c:\Users\milin\Documents\Visual Studio 2010\Projects\DetoursDllInjectorService\Debug\DetoursDllInjectorService.exe" /INCREMENTAL /NOLOGO psapi.lib kernel32.lib user32.lib gdi32.lib winspool.lib comdlg32.lib advapi32.lib shell32.lib ole32.lib oleaut32.lib uuid.lib odbc32.lib odbccp32.lib /MANIFEST /ManifestFile:"Debug\DetoursDllInjectorService.exe.intermediate.manifest" /MANIFESTUAC:"level='asInvoker' uiAccess='false'" /DEBUG /PDB:"c:\Users\milin\Documents\Visual Studio 2010\Projects\DetoursDllInjectorService\Debug\DetoursDllInjectorService.pdb" /SUBSYSTEM:CONSOLE /TLBID:1 /DYNAMICBASE /NXCOMPAT /IMPLIB:"c:\Users\milin\Documents\Visual Studio 2010\Projects\DetoursDllInjectorService\Debug\DetoursDllInjectorService.lib" /MACHINE:X86 Debug\DetoursDllInjectorService.exe.embed.manifest.res
         Debug\DetoursDllInjectorService.obj
         Debug\SampleService.obj
         Debug\ServiceBase.obj
         Debug\ServiceInstaller.obj
         DetoursDllInjectorService.vcxproj -> c:\Users\milin\Documents\Visual Studio 2010\Projects\DetoursDllInjectorService\Debug\DetoursDllInjectorService.exe
       FinalizeBuildStatus:
         Deleting file "Debug\DetoursDllInjectorService.unsuccessfulbuild".
         Touching "Debug\DetoursDllInjectorService.lastbuildstate".
     1>Done Building Project "c:\Users\milin\Documents\Visual Studio 2010\Projects\DetoursDllInjectorService\DetoursDllInjectorService\DetoursDllInjectorService.vcxproj" (rebuild target(s)).

Build succeeded.

Time Elapsed 00:00:05.66
