C:\USERS\MILIN\DOCUMENTS\VISUAL STUDIO 2010\PROJECTS\DETOURSDLLINJECTORSERVICE\DEBUG\DETOURSDLLINJECTORSERVICE.EXE
C:\USERS\MILIN\DOCUMENTS\VISUAL STUDIO 2010\PROJECTS\DETOURSDLLINJECTORSERVICE\DEBUG\DETOURSDLLINJECTORSERVICE.ILK
C:\USERS\MILIN\DOCUMENTS\VISUAL STUDIO 2010\PROJECTS\DETOURSDLLINJECTORSERVICE\DEBUG\DETOURSDLLINJECTORSERVICE.PDB
c:\Users\milin\Documents\Visual Studio 2010\Projects\DetoursDllInjectorService\DetoursDllInjectorService\Debug\cl.command.1.tlog
c:\Users\milin\Documents\Visual Studio 2010\Projects\DetoursDllInjectorService\DetoursDllInjectorService\Debug\CL.read.1.tlog
c:\Users\milin\Documents\Visual Studio 2010\Projects\DetoursDllInjectorService\DetoursDllInjectorService\Debug\CL.write.1.tlog
C:\USERS\MILIN\DOCUMENTS\VISUAL STUDIO 2010\PROJECTS\DETOURSDLLINJECTORSERVICE\DETOURSDLLINJECTORSERVICE\DEBUG\DETOURSDLLINJECTORSERVICE.EXE.EMBED.MANIFEST
C:\USERS\MILIN\DOCUMENTS\VISUAL STUDIO 2010\PROJECTS\DETOURSDLLINJECTORSERVICE\DETOURSDLLINJECTORSERVICE\DEBUG\DETOURSDLLINJECTORSERVICE.EXE.EMBED.MANIFEST.RES
C:\USERS\MILIN\DOCUMENTS\VISUAL STUDIO 2010\PROJECTS\DETOURSDLLINJECTORSERVICE\DETOURSDLLINJECTORSERVICE\DEBUG\DETOURSDLLINJECTORSERVICE.EXE.INTERMEDIATE.MANIFEST
C:\USERS\MILIN\DOCUMENTS\VISUAL STUDIO 2010\PROJECTS\DETOURSDLLINJECTORSERVICE\DETOURSDLLINJECTORSERVICE\DEBUG\DETOURSDLLINJECTORSERVICE.OBJ
c:\Users\milin\Documents\Visual Studio 2010\Projects\DetoursDllInjectorService\DetoursDllInjectorService\Debug\DetoursDllInjectorService_manifest.rc
c:\Users\milin\Documents\Visual Studio 2010\Projects\DetoursDllInjectorService\DetoursDllInjectorService\Debug\link.10208.read.1.tlog
c:\Users\milin\Documents\Visual Studio 2010\Projects\DetoursDllInjectorService\DetoursDllInjectorService\Debug\link.10208.write.1.tlog
c:\Users\milin\Documents\Visual Studio 2010\Projects\DetoursDllInjectorService\DetoursDllInjectorService\Debug\link.10208-cvtres.read.1.tlog
c:\Users\milin\Documents\Visual Studio 2010\Projects\DetoursDllInjectorService\DetoursDllInjectorService\Debug\link.10208-cvtres.write.1.tlog
c:\Users\milin\Documents\Visual Studio 2010\Projects\DetoursDllInjectorService\DetoursDllInjectorService\Debug\link.command.1.tlog
c:\Users\milin\Documents\Visual Studio 2010\Projects\DetoursDllInjectorService\DetoursDllInjectorService\Debug\link.read.1.tlog
c:\Users\milin\Documents\Visual Studio 2010\Projects\DetoursDllInjectorService\DetoursDllInjectorService\Debug\link.write.1.tlog
c:\Users\milin\Documents\Visual Studio 2010\Projects\DetoursDllInjectorService\DetoursDllInjectorService\Debug\link-cvtres.read.1.tlog
c:\Users\milin\Documents\Visual Studio 2010\Projects\DetoursDllInjectorService\DetoursDllInjectorService\Debug\link-cvtres.write.1.tlog
c:\Users\milin\Documents\Visual Studio 2010\Projects\DetoursDllInjectorService\DetoursDllInjectorService\Debug\mt.command.1.tlog
c:\Users\milin\Documents\Visual Studio 2010\Projects\DetoursDllInjectorService\DetoursDllInjectorService\Debug\mt.read.1.tlog
c:\Users\milin\Documents\Visual Studio 2010\Projects\DetoursDllInjectorService\DetoursDllInjectorService\Debug\mt.write.1.tlog
c:\Users\milin\Documents\Visual Studio 2010\Projects\DetoursDllInjectorService\DetoursDllInjectorService\Debug\rc.command.1.tlog
c:\Users\milin\Documents\Visual Studio 2010\Projects\DetoursDllInjectorService\DetoursDllInjectorService\Debug\rc.read.1.tlog
c:\Users\milin\Documents\Visual Studio 2010\Projects\DetoursDllInjectorService\DetoursDllInjectorService\Debug\rc.write.1.tlog
C:\USERS\MILIN\DOCUMENTS\VISUAL STUDIO 2010\PROJECTS\DETOURSDLLINJECTORSERVICE\DETOURSDLLINJECTORSERVICE\DEBUG\SAMPLESERVICE.OBJ
C:\USERS\MILIN\DOCUMENTS\VISUAL STUDIO 2010\PROJECTS\DETOURSDLLINJECTORSERVICE\DETOURSDLLINJECTORSERVICE\DEBUG\SERVICEBASE.OBJ
C:\USERS\MILIN\DOCUMENTS\VISUAL STUDIO 2010\PROJECTS\DETOURSDLLINJECTORSERVICE\DETOURSDLLINJECTORSERVICE\DEBUG\SERVICEINSTALLER.OBJ
c:\Users\milin\Documents\Visual Studio 2010\Projects\DetoursDllInjectorService\DetoursDllInjectorService\Debug\vc100.idb
C:\USERS\MILIN\DOCUMENTS\VISUAL STUDIO 2010\PROJECTS\DETOURSDLLINJECTORSERVICE\DETOURSDLLINJECTORSERVICE\DEBUG\VC100.PDB
