C:\Users\milin\Documents\Visual Studio 2010\Projects\DetoursDll\DetoursDll\x64\Release\cl.command.1.tlog
C:\Users\milin\Documents\Visual Studio 2010\Projects\DetoursDll\DetoursDll\x64\Release\CL.read.1.tlog
C:\Users\milin\Documents\Visual Studio 2010\Projects\DetoursDll\DetoursDll\x64\Release\CL.write.1.tlog
C:\USERS\MILIN\DOCUMENTS\VISUAL STUDIO 2010\PROJECTS\DETOURSDLL\DETOURSDLL\X64\RELEASE\DETOURSDLL.DLL.INTERMEDIATE.MANIFEST
C:\USERS\MILIN\DOCUMENTS\VISUAL STUDIO 2010\PROJECTS\DETOURSDLL\DETOURSDLL\X64\RELEASE\DETOURSDLL.OBJ
C:\USERS\MILIN\DOCUMENTS\VISUAL STUDIO 2010\PROJECTS\DETOURSDLL\DETOURSDLL\X64\RELEASE\DETOURSDLL.PCH
C:\Users\milin\Documents\Visual Studio 2010\Projects\DetoursDll\DetoursDll\x64\Release\DetoursDll.write.1.tlog
C:\USERS\MILIN\DOCUMENTS\VISUAL STUDIO 2010\PROJECTS\DETOURSDLL\DETOURSDLL\X64\RELEASE\DLLMAIN.OBJ
C:\Users\milin\Documents\Visual Studio 2010\Projects\DetoursDll\DetoursDll\x64\Release\link.command.1.tlog
C:\Users\milin\Documents\Visual Studio 2010\Projects\DetoursDll\DetoursDll\x64\Release\link.read.1.tlog
C:\Users\milin\Documents\Visual Studio 2010\Projects\DetoursDll\DetoursDll\x64\Release\link.write.1.tlog
C:\Users\milin\Documents\Visual Studio 2010\Projects\DetoursDll\DetoursDll\x64\Release\mt.command.1.tlog
C:\Users\milin\Documents\Visual Studio 2010\Projects\DetoursDll\DetoursDll\x64\Release\mt.read.1.tlog
C:\Users\milin\Documents\Visual Studio 2010\Projects\DetoursDll\DetoursDll\x64\Release\mt.write.1.tlog
C:\USERS\MILIN\DOCUMENTS\VISUAL STUDIO 2010\PROJECTS\DETOURSDLL\DETOURSDLL\X64\RELEASE\STDAFX.OBJ
C:\USERS\MILIN\DOCUMENTS\VISUAL STUDIO 2010\PROJECTS\DETOURSDLL\DETOURSDLL\X64\RELEASE\VC100.PDB
C:\USERS\MILIN\DOCUMENTS\VISUAL STUDIO 2010\PROJECTS\DETOURSDLL\X64\RELEASE\DETOURSDLL.DLL
C:\Users\milin\Documents\Visual Studio 2010\Projects\DetoursDll\x64\Release\DetoursDll.exp
C:\Users\milin\Documents\Visual Studio 2010\Projects\DetoursDll\x64\Release\DetoursDll.lib
C:\USERS\MILIN\DOCUMENTS\VISUAL STUDIO 2010\PROJECTS\DETOURSDLL\X64\RELEASE\DETOURSDLL.PDB
