Build started 1/3/2014 10:17:21 AM.
     1>Project "c:\Users\milin\Documents\Visual Studio 2010\Projects\DetoursDllInjectorService\DetoursDllInjectorService\DetoursDllInjectorService.vcxproj" on node 2 (rebuild target(s)).
     1>_PrepareForClean:
         Deleting file "x64\Debug\DetoursDllInjectorService.lastbuildstate".
       InitializeBuildStatus:
         Creating "x64\Debug\DetoursDllInjectorService.unsuccessfulbuild" because "AlwaysCreate" was specified.
       ClCompile:
         C:\Program Files (x86)\Microsoft Visual Studio 10.0\VC\bin\x86_amd64\CL.exe /c /Zi /nologo /W3 /WX- /Od /D WIN32 /D _DEBUG /D _CONSOLE /D _UNICODE /D UNICODE /Gm /EHsc /RTC1 /MDd /GS /fp:precise /Zc:wchar_t /Zc:forScope /Fo"x64\Debug\\" /Fd"x64\Debug\vc100.pdb" /Gd /TP /errorReport:prompt DetoursDllInjectorService.cpp SampleService.cpp ServiceBase.cpp ServiceInstaller.cpp
         ServiceInstaller.cpp
         ServiceBase.cpp
         SampleService.cpp
         DetoursDllInjectorService.cpp
         Generating Code...
       ManifestResourceCompile:
         C:\Program Files (x86)\Microsoft SDKs\Windows\v7.0A\bin\rc.exe /nologo /fo"x64\Debug\DetoursDllInjectorService.exe.embed.manifest.res" x64\Debug\DetoursDllInjectorService_manifest.rc 
       Link:
         C:\Program Files (x86)\Microsoft Visual Studio 10.0\VC\bin\x86_amd64\link.exe /ERRORREPORT:PROMPT /OUT:"c:\Users\milin\Documents\Visual Studio 2010\Projects\DetoursDllInjectorService\x64\Debug\DetoursDllInjectorService.exe" /INCREMENTAL /NOLOGO psapi.lib kernel32.lib user32.lib gdi32.lib winspool.lib comdlg32.lib advapi32.lib shell32.lib ole32.lib oleaut32.lib uuid.lib odbc32.lib odbccp32.lib /MANIFEST /ManifestFile:"x64\Debug\DetoursDllInjectorService.exe.intermediate.manifest" /MANIFESTUAC:"level='asInvoker' uiAccess='false'" /DEBUG /PDB:"c:\Users\milin\Documents\Visual Studio 2010\Projects\DetoursDllInjectorService\x64\Debug\DetoursDllInjectorService.pdb" /SUBSYSTEM:CONSOLE /TLBID:1 /DYNAMICBASE /NXCOMPAT /IMPLIB:"c:\Users\milin\Documents\Visual Studio 2010\Projects\DetoursDllInjectorService\x64\Debug\DetoursDllInjectorService.lib" /MACHINE:X64 x64\Debug\DetoursDllInjectorService.exe.embed.manifest.res
         x64\Debug\DetoursDllInjectorService.obj
         x64\Debug\SampleService.obj
         x64\Debug\ServiceBase.obj
         x64\Debug\ServiceInstaller.obj
         DetoursDllInjectorService.vcxproj -> c:\Users\milin\Documents\Visual Studio 2010\Projects\DetoursDllInjectorService\x64\Debug\DetoursDllInjectorService.exe
       Manifest:
         Deleting file "x64\Debug\DetoursDllInjectorService.exe.embed.manifest".
         C:\Program Files (x86)\Microsoft SDKs\Windows\v7.0A\bin\mt.exe /nologo /verbose /out:"x64\Debug\DetoursDllInjectorService.exe.embed.manifest" /manifest x64\Debug\DetoursDllInjectorService.exe.intermediate.manifest
         C:\Program Files (x86)\Microsoft SDKs\Windows\v7.0A\bin\rc.exe /nologo /fo"x64\Debug\DetoursDllInjectorService.exe.embed.manifest.res" x64\Debug\DetoursDllInjectorService_manifest.rc 
       LinkEmbedManifest:
         C:\Program Files (x86)\Microsoft Visual Studio 10.0\VC\bin\x86_amd64\link.exe /ERRORREPORT:PROMPT /OUT:"c:\Users\milin\Documents\Visual Studio 2010\Projects\DetoursDllInjectorService\x64\Debug\DetoursDllInjectorService.exe" /INCREMENTAL /NOLOGO psapi.lib kernel32.lib user32.lib gdi32.lib winspool.lib comdlg32.lib advapi32.lib shell32.lib ole32.lib oleaut32.lib uuid.lib odbc32.lib odbccp32.lib /MANIFEST /ManifestFile:"x64\Debug\DetoursDllInjectorService.exe.intermediate.manifest" /MANIFESTUAC:"level='asInvoker' uiAccess='false'" /DEBUG /PDB:"c:\Users\milin\Documents\Visual Studio 2010\Projects\DetoursDllInjectorService\x64\Debug\DetoursDllInjectorService.pdb" /SUBSYSTEM:CONSOLE /TLBID:1 /DYNAMICBASE /NXCOMPAT /IMPLIB:"c:\Users\milin\Documents\Visual Studio 2010\Projects\DetoursDllInjectorService\x64\Debug\DetoursDllInjectorService.lib" /MACHINE:X64 x64\Debug\DetoursDllInjectorService.exe.embed.manifest.res
         x64\Debug\DetoursDllInjectorService.obj
         x64\Debug\SampleService.obj
         x64\Debug\ServiceBase.obj
         x64\Debug\ServiceInstaller.obj
         DetoursDllInjectorService.vcxproj -> c:\Users\milin\Documents\Visual Studio 2010\Projects\DetoursDllInjectorService\x64\Debug\DetoursDllInjectorService.exe
       FinalizeBuildStatus:
         Deleting file "x64\Debug\DetoursDllInjectorService.unsuccessfulbuild".
         Touching "x64\Debug\DetoursDllInjectorService.lastbuildstate".
     1>Done Building Project "c:\Users\milin\Documents\Visual Studio 2010\Projects\DetoursDllInjectorService\DetoursDllInjectorService\DetoursDllInjectorService.vcxproj" (rebuild target(s)).

Build succeeded.

Time Elapsed 00:00:05.61
