c:\Users\milin\Documents\Visual Studio 2010\Projects\DetoursDllInjectorService\DetoursDllInjectorService\x64\Debug\cl.command.1.tlog
c:\Users\milin\Documents\Visual Studio 2010\Projects\DetoursDllInjectorService\DetoursDllInjectorService\x64\Debug\CL.read.1.tlog
c:\Users\milin\Documents\Visual Studio 2010\Projects\DetoursDllInjectorService\DetoursDllInjectorService\x64\Debug\CL.write.1.tlog
C:\USERS\MILIN\DOCUMENTS\VISUAL STUDIO 2010\PROJECTS\DETOURSDLLINJECTORSERVICE\DETOURSDLLINJECTORSERVICE\X64\DEBUG\DETOURSDLLINJECTORSERVICE.EXE.EMBED.MANIFEST
C:\USERS\MILIN\DOCUMENTS\VISUAL STUDIO 2010\PROJECTS\DETOURSDLLINJECTORSERVICE\DETOURSDLLINJECTORSERVICE\X64\DEBUG\DETOURSDLLINJECTORSERVICE.EXE.EMBED.MANIFEST.RES
C:\USERS\MILIN\DOCUMENTS\VISUAL STUDIO 2010\PROJECTS\DETOURSDLLINJECTORSERVICE\DETOURSDLLINJECTORSERVICE\X64\DEBUG\DETOURSDLLINJECTORSERVICE.EXE.INTERMEDIATE.MANIFEST
C:\USERS\MILIN\DOCUMENTS\VISUAL STUDIO 2010\PROJECTS\DETOURSDLLINJECTORSERVICE\DETOURSDLLINJECTORSERVICE\X64\DEBUG\DETOURSDLLINJECTORSERVICE.OBJ
c:\Users\milin\Documents\Visual Studio 2010\Projects\DetoursDllInjectorService\DetoursDllInjectorService\x64\Debug\DetoursDllInjectorService_manifest.rc
c:\Users\milin\Documents\Visual Studio 2010\Projects\DetoursDllInjectorService\DetoursDllInjectorService\x64\Debug\link.50988.read.1.tlog
c:\Users\milin\Documents\Visual Studio 2010\Projects\DetoursDllInjectorService\DetoursDllInjectorService\x64\Debug\link.50988.write.1.tlog
c:\Users\milin\Documents\Visual Studio 2010\Projects\DetoursDllInjectorService\DetoursDllInjectorService\x64\Debug\link.50988-cvtres.read.1.tlog
c:\Users\milin\Documents\Visual Studio 2010\Projects\DetoursDllInjectorService\DetoursDllInjectorService\x64\Debug\link.50988-cvtres.write.1.tlog
c:\Users\milin\Documents\Visual Studio 2010\Projects\DetoursDllInjectorService\DetoursDllInjectorService\x64\Debug\link.command.1.tlog
c:\Users\milin\Documents\Visual Studio 2010\Projects\DetoursDllInjectorService\DetoursDllInjectorService\x64\Debug\link.read.1.tlog
c:\Users\milin\Documents\Visual Studio 2010\Projects\DetoursDllInjectorService\DetoursDllInjectorService\x64\Debug\link.write.1.tlog
c:\Users\milin\Documents\Visual Studio 2010\Projects\DetoursDllInjectorService\DetoursDllInjectorService\x64\Debug\link-cvtres.read.1.tlog
c:\Users\milin\Documents\Visual Studio 2010\Projects\DetoursDllInjectorService\DetoursDllInjectorService\x64\Debug\link-cvtres.write.1.tlog
c:\Users\milin\Documents\Visual Studio 2010\Projects\DetoursDllInjectorService\DetoursDllInjectorService\x64\Debug\mt.command.1.tlog
c:\Users\milin\Documents\Visual Studio 2010\Projects\DetoursDllInjectorService\DetoursDllInjectorService\x64\Debug\mt.read.1.tlog
c:\Users\milin\Documents\Visual Studio 2010\Projects\DetoursDllInjectorService\DetoursDllInjectorService\x64\Debug\mt.write.1.tlog
c:\Users\milin\Documents\Visual Studio 2010\Projects\DetoursDllInjectorService\DetoursDllInjectorService\x64\Debug\rc.command.1.tlog
c:\Users\milin\Documents\Visual Studio 2010\Projects\DetoursDllInjectorService\DetoursDllInjectorService\x64\Debug\rc.read.1.tlog
c:\Users\milin\Documents\Visual Studio 2010\Projects\DetoursDllInjectorService\DetoursDllInjectorService\x64\Debug\rc.write.1.tlog
C:\USERS\MILIN\DOCUMENTS\VISUAL STUDIO 2010\PROJECTS\DETOURSDLLINJECTORSERVICE\DETOURSDLLINJECTORSERVICE\X64\DEBUG\SAMPLESERVICE.OBJ
C:\USERS\MILIN\DOCUMENTS\VISUAL STUDIO 2010\PROJECTS\DETOURSDLLINJECTORSERVICE\DETOURSDLLINJECTORSERVICE\X64\DEBUG\SERVICEBASE.OBJ
C:\USERS\MILIN\DOCUMENTS\VISUAL STUDIO 2010\PROJECTS\DETOURSDLLINJECTORSERVICE\DETOURSDLLINJECTORSERVICE\X64\DEBUG\SERVICEINSTALLER.OBJ
c:\Users\milin\Documents\Visual Studio 2010\Projects\DetoursDllInjectorService\DetoursDllInjectorService\x64\Debug\vc100.idb
C:\USERS\MILIN\DOCUMENTS\VISUAL STUDIO 2010\PROJECTS\DETOURSDLLINJECTORSERVICE\DETOURSDLLINJECTORSERVICE\X64\DEBUG\VC100.PDB
C:\USERS\MILIN\DOCUMENTS\VISUAL STUDIO 2010\PROJECTS\DETOURSDLLINJECTORSERVICE\X64\DEBUG\DETOURSDLLINJECTORSERVICE.EXE
C:\USERS\MILIN\DOCUMENTS\VISUAL STUDIO 2010\PROJECTS\DETOURSDLLINJECTORSERVICE\X64\DEBUG\DETOURSDLLINJECTORSERVICE.ILK
C:\USERS\MILIN\DOCUMENTS\VISUAL STUDIO 2010\PROJECTS\DETOURSDLLINJECTORSERVICE\X64\DEBUG\DETOURSDLLINJECTORSERVICE.PDB
